[INFO] Scanning for projects...
[INFO] 
[INFO] --------------------< com.chibao.edu:search-engine >--------------------
[INFO] Building search-engine 0.0.1-SNAPSHOT
[INFO]   from pom.xml
[INFO] --------------------------------[ jar ]---------------------------------
[INFO] 
[INFO] >>> spring-boot:3.5.7:run (default-cli) > test-compile @ search-engine >>>
[INFO] 
[INFO] --- resources:3.3.1:resources (default-resources) @ search-engine ---
[INFO] Copying 2 resources from src\main\resources to target\classes
[INFO] Copying 3 resources from src\main\resources to target\classes
[INFO] 
[INFO] --- compiler:3.14.1:compile (default-compile) @ search-engine ---
[INFO] Nothing to compile - all classes are up to date.
[INFO] 
[INFO] --- resources:3.3.1:testResources (default-testResources) @ search-engine ---
[INFO] skip non existing resourceDirectory C:\Users\Admin\Desktop\projects\search-engine\search-engine\src\test\resources
[INFO] 
[INFO] --- compiler:3.14.1:testCompile (default-testCompile) @ search-engine ---
[INFO] Nothing to compile - all classes are up to date.
[INFO] 
[INFO] <<< spring-boot:3.5.7:run (default-cli) < test-compile @ search-engine <<<
[INFO] 
[INFO] 
[INFO] --- spring-boot:3.5.7:run (default-cli) @ search-engine ---
[INFO] Attaching agents: []

  .   ____          _            __ _ _
 /\\ / ___'_ __ _ _(_)_ __  __ _ \ \ \ \
( ( )\___ | '_ | '_| | '_ \/ _` | \ \ \ \
 \\/  ___)| |_)| | | | | || (_| |  ) ) ) )
  '  |____| .__|_| |_|_| |_\__, | / / / /
 =========|_|==============|___/=/_/_/_/

 :: Spring Boot ::                (v3.5.7)

2025-12-19 11:58:11 - Starting SearchEngineApplication using Java 21.0.9 with PID 8068 (C:\Users\Admin\Desktop\projects\search-engine\search-engine\target\classes started by Admin in C:\Users\Admin\Desktop\projects\search-engine\search-engine)
2025-12-19 11:58:11 - No active profile set, falling back to 1 default profile: "default"
2025-12-19 11:58:12 - Multiple Spring Data modules found, entering strict repository configuration mode
2025-12-19 11:58:12 - Bootstrapping Spring Data JPA repositories in DEFAULT mode.
2025-12-19 11:58:12 - Spring Data JPA - Could not safely identify store assignment for repository candidate interface com.chibao.edu.search_engine.repository.WebPageRepository; If you want this repository to be a JPA repository, consider annotating your entities with one of these annotations: jakarta.persistence.Entity, jakarta.persistence.MappedSuperclass (preferred), or consider extending one of the following types with your repository: org.springframework.data.jpa.repository.JpaRepository
2025-12-19 11:58:12 - Finished Spring Data repository scanning in 246 ms. Found 4 JPA repository interfaces.
2025-12-19 11:58:12 - Multiple Spring Data modules found, entering strict repository configuration mode
2025-12-19 11:58:12 - Bootstrapping Spring Data Elasticsearch repositories in DEFAULT mode.
2025-12-19 11:58:13 - Spring Data Elasticsearch - Could not safely identify store assignment for repository candidate interface com.chibao.edu.search_engine.repository.CrawlUrlRepository; If you want this repository to be a Elasticsearch repository, consider annotating your entities with one of these annotations: org.springframework.data.elasticsearch.annotations.Document (preferred), or consider extending one of the following types with your repository: org.springframework.data.elasticsearch.repository.ElasticsearchRepository
2025-12-19 11:58:13 - Spring Data Elasticsearch - Could not safely identify store assignment for repository candidate interface com.chibao.edu.search_engine.repository.DomainMetadataRepository; If you want this repository to be a Elasticsearch repository, consider annotating your entities with one of these annotations: org.springframework.data.elasticsearch.annotations.Document (preferred), or consider extending one of the following types with your repository: org.springframework.data.elasticsearch.repository.ElasticsearchRepository
2025-12-19 11:58:13 - Spring Data Elasticsearch - Could not safely identify store assignment for repository candidate interface com.chibao.edu.search_engine.repository.PageLinkRepository; If you want this repository to be a Elasticsearch repository, consider annotating your entities with one of these annotations: org.springframework.data.elasticsearch.annotations.Document (preferred), or consider extending one of the following types with your repository: org.springframework.data.elasticsearch.repository.ElasticsearchRepository
2025-12-19 11:58:13 - Spring Data Elasticsearch - Could not safely identify store assignment for repository candidate interface com.chibao.edu.search_engine.repository.PageRankRepository; If you want this repository to be a Elasticsearch repository, consider annotating your entities with one of these annotations: org.springframework.data.elasticsearch.annotations.Document (preferred), or consider extending one of the following types with your repository: org.springframework.data.elasticsearch.repository.ElasticsearchRepository
2025-12-19 11:58:13 - Finished Spring Data repository scanning in 14 ms. Found 1 Elasticsearch repository interface.
2025-12-19 11:58:13 - Exception encountered during context initialization - cancelling refresh attempt: org.springframework.beans.factory.support.BeanDefinitionOverrideException: Invalid bean definition with name 'stringRedisTemplate' defined in class path resource [org/springframework/boot/autoconfigure/data/redis/RedisAutoConfiguration.class]: Cannot register bean definition [Root bean: class=null; scope=; abstract=false; lazyInit=null; autowireMode=3; dependencyCheck=0; autowireCandidate=true; primary=false; fallback=false; factoryBeanName=org.springframework.boot.autoconfigure.data.redis.RedisAutoConfiguration; factoryMethodName=stringRedisTemplate; initMethodNames=null; destroyMethodNames=[(inferred)]; defined in class path resource [org/springframework/boot/autoconfigure/data/redis/RedisAutoConfiguration.class]] for bean 'stringRedisTemplate' since there is already [Root bean: class=null; scope=; abstract=false; lazyInit=null; autowireMode=3; dependencyCheck=0; autowireCandidate=true; primary=false; fallback=false; factoryBeanName=redisConfig; factoryMethodName=stringRedisTemplate; initMethodNames=null; destroyMethodNames=[(inferred)]; defined in class path resource [com/chibao/edu/search_engine/config/RedisConfig.class]] bound.
2025-12-19 11:58:13 - 

Error starting ApplicationContext. To display the condition evaluation report re-run your application with 'debug' enabled.
2025-12-19 11:58:13 - 

***************************
APPLICATION FAILED TO START
***************************

Description:

The bean 'stringRedisTemplate', defined in class path resource [org/springframework/boot/autoconfigure/data/redis/RedisAutoConfiguration.class], could not be registered. A bean with that name has already been defined in class path resource [com/chibao/edu/search_engine/config/RedisConfig.class] and overriding is disabled.

Action:

Consider renaming one of the beans or enabling overriding by setting spring.main.allow-bean-definition-overriding=true

[INFO] ------------------------------------------------------------------------
[INFO] BUILD FAILURE
[INFO] ------------------------------------------------------------------------
[INFO] Total time:  9.037 s
[INFO] Finished at: 2025-12-19T11:58:13+07:00
[INFO] ------------------------------------------------------------------------
[ERROR] Failed to execute goal org.springframework.boot:spring-boot-maven-plugin:3.5.7:run (default-cli) on project search-engine: Process terminated with exit code: 1 -> [Help 1]
[ERROR] 
[ERROR] To see the full stack trace of the errors, re-run Maven with the -e switch.
[ERROR] Re-run Maven using the -X switch to enable full debug logging.
[ERROR] 
[ERROR] For more information about the errors and possible solutions, please read the following articles:
[ERROR] [Help 1] http://cwiki.apache.org/confluence/display/MAVEN/MojoExecutionException
